Arguments: 
  /usr/bin/node /usr/share/yarn/bin/yarn.js add -D gulp typescript browserity tsify vinyl-source-stream del

PATH: 
  /home/lelton/.bun/bin:/home/lelton/.jbang/bin:/home/lelton/.bun/bin:/home/lelton/.sdkman/candidates/gradle/current/bin:/home/lelton/.jbang/bin:/home/lelton/.cargo/bin:/home/lelton/.local/bin:/usr/local/sbin:/usr/local/bin:/usr/sbin:/usr/bin:/sbin:/bin:/usr/games:/usr/local/games:$JAVA_HOME/bin:$GRAALVM_HOME/bin:/snap/bin:/home/lelton/.dotnet/tools:/usr/lib/jvm/java-17-oracle/bin:/usr/lib/jvm/java-17-oracle/db/bin:
  Deprecated: Return type of Symfony\Component\Console\Helper\HelperSet::getIterator() should either be compatible with IteratorAggregate::getIterator(): Traversable, or the #[\ReturnTypeWillChange] attribute should be used to temporarily suppress the notice in /usr/share/php/Symfony/Component/Console/Helper/HelperSet.php on line 104
  /home/lelton/.config/composer/vendor/bin:
  Deprecated: Return type of Symfony\Component\Console\Helper\HelperSet::getIterator() should either be compatible with IteratorAggregate::getIterator(): Traversable, or the #[\ReturnTypeWillChange] attribute should be used to temporarily suppress the notice in /usr/share/php/Symfony/Component/Console/Helper/HelperSet.php on line 104
  /home/lelton/.config/composer/vendor/bin

Yarn version: 
  1.22.19

Node version: 
  16.17.0

Platform: 
  linux x64

Trace: 
  Error: https://registry.yarnpkg.com/browserity: Not found
      at Request.params.callback [as _callback] (/usr/share/yarn/lib/cli.js:66145:18)
      at Request.self.callback (/usr/share/yarn/lib/cli.js:140890:22)
      at Request.emit (node:events:513:28)
      at Request.<anonymous> (/usr/share/yarn/lib/cli.js:141862:10)
      at Request.emit (node:events:513:28)
      at IncomingMessage.<anonymous> (/usr/share/yarn/lib/cli.js:141784:12)
      at Object.onceWrapper (node:events:627:28)
      at IncomingMessage.emit (node:events:525:35)
      at endReadableNT (node:internal/streams/readable:1358:12)
      at processTicksAndRejections (node:internal/process/task_queues:83:21)

npm manifest: 
  No manifest

yarn manifest: 
  No manifest

Lockfile: 
  # THIS IS AN AUTOGENERATED FILE. DO NOT EDIT THIS FILE DIRECTLY.
  # yarn lockfile v1
